<?xml version="1.0" encoding="UTF-8"?>
<testng-results skipped="0" failed="0" total="6" passed="6">
  <reporter-output>
  </reporter-output>
  <suite name="Default suite" duration-ms="14495" started-at="2013-12-16T09:19:57Z" finished-at="2013-12-16T09:20:12Z">
    <groups>
    </groups>
    <test name="Default test" duration-ms="14495" started-at="2013-12-16T09:19:57Z" finished-at="2013-12-16T09:20:12Z">
      <class name="com.example.tests.ContactCreationTests">
        <test-method status="PASS" signature="setUp()[pri:0, instance:com.example.tests.ContactCreationTests@53d334a8]" name="setUp" is-config="true" duration-ms="4852" started-at="2013-12-16T13:19:57Z" finished-at="2013-12-16T13:20:02Z">
          <reporter-output>
          </reporter-output>
        </test-method> <!-- setUp -->
        <test-method status="PASS" signature="testBMonthContactCreation()[pri:0, instance:com.example.tests.ContactCreationTests@53d334a8]" name="testBMonthContactCreation" duration-ms="2658" started-at="2013-12-16T13:20:02Z" finished-at="2013-12-16T13:20:05Z">
          <reporter-output>
          </reporter-output>
        </test-method> <!-- testBMonthContactCreation -->
        <test-method status="PASS" signature="testBdayContactCreation()[pri:0, instance:com.example.tests.ContactCreationTests@53d334a8]" name="testBdayContactCreation" duration-ms="1568" started-at="2013-12-16T13:20:05Z" finished-at="2013-12-16T13:20:07Z">
          <reporter-output>
          </reporter-output>
        </test-method> <!-- testBdayContactCreation -->
        <test-method status="PASS" signature="testDefoltContactCreation()[pri:0, instance:com.example.tests.ContactCreationTests@53d334a8]" name="testDefoltContactCreation" duration-ms="463" started-at="2013-12-16T13:20:07Z" finished-at="2013-12-16T13:20:07Z">
          <reporter-output>
          </reporter-output>
        </test-method> <!-- testDefoltContactCreation -->
        <test-method status="PASS" signature="testEmptyContactCreation()[pri:0, instance:com.example.tests.ContactCreationTests@53d334a8]" name="testEmptyContactCreation" duration-ms="1436" started-at="2013-12-16T13:20:07Z" finished-at="2013-12-16T13:20:08Z">
          <reporter-output>
          </reporter-output>
        </test-method> <!-- testEmptyContactCreation -->
        <test-method status="PASS" signature="testNonEmptyContactCreation()[pri:0, instance:com.example.tests.ContactCreationTests@53d334a8]" name="testNonEmptyContactCreation" duration-ms="1700" started-at="2013-12-16T13:20:08Z" finished-at="2013-12-16T13:20:10Z">
          <reporter-output>
          </reporter-output>
        </test-method> <!-- testNonEmptyContactCreation -->
        <test-method status="PASS" signature="testNoneGroupContactCreation()[pri:0, instance:com.example.tests.ContactCreationTests@53d334a8]" name="testNoneGroupContactCreation" duration-ms="1649" started-at="2013-12-16T13:20:10Z" finished-at="2013-12-16T13:20:12Z">
          <reporter-output>
          </reporter-output>
        </test-method> <!-- testNoneGroupContactCreation -->
        <test-method status="PASS" signature="tearDown()[pri:0, instance:com.example.tests.ContactCreationTests@53d334a8]" name="tearDown" is-config="true" duration-ms="157" started-at="2013-12-16T13:20:12Z" finished-at="2013-12-16T13:20:12Z">
          <reporter-output>
          </reporter-output>
        </test-method> <!-- tearDown -->
      </class> <!-- com.example.tests.ContactCreationTests -->
    </test> <!-- Default test -->
  </suite> <!-- Default suite -->
</testng-results>
