<?xml version="1.0" encoding="UTF-8"?>
<testng-results skipped="0" failed="0" total="1" passed="1">
  <reporter-output>
  </reporter-output>
  <suite name="Default suite" duration-ms="6218" started-at="2013-12-24T07:07:26Z" finished-at="2013-12-24T07:07:33Z">
    <groups>
    </groups>
    <test name="Default test" duration-ms="6218" started-at="2013-12-24T07:07:26Z" finished-at="2013-12-24T07:07:33Z">
      <class name="com.example.tests.GroupRemovalTests">
        <test-method status="PASS" signature="setUp()[pri:0, instance:com.example.tests.GroupRemovalTests@277e07ae]" name="setUp" is-config="true" duration-ms="4741" started-at="2013-12-24T11:07:26Z" finished-at="2013-12-24T11:07:31Z">
          <reporter-output>
          </reporter-output>
        </test-method> <!-- setUp -->
        <test-method status="PASS" signature="deleteSomeGroup()[pri:0, instance:com.example.tests.GroupRemovalTests@277e07ae]" name="deleteSomeGroup" duration-ms="1329" started-at="2013-12-24T11:07:31Z" finished-at="2013-12-24T11:07:32Z">
          <reporter-output>
          </reporter-output>
        </test-method> <!-- deleteSomeGroup -->
        <test-method status="PASS" signature="tearDown()[pri:0, instance:com.example.tests.GroupRemovalTests@277e07ae]" name="tearDown" is-config="true" duration-ms="140" started-at="2013-12-24T11:07:32Z" finished-at="2013-12-24T11:07:33Z">
          <reporter-output>
          </reporter-output>
        </test-method> <!-- tearDown -->
      </class> <!-- com.example.tests.GroupRemovalTests -->
    </test> <!-- Default test -->
  </suite> <!-- Default suite -->
</testng-results>
