<?xml version="1.0" encoding="UTF-8"?>
<!-- Generated by org.testng.reporters.JUnitXMLReporter -->
<testsuite hostname="ws-msk-a2322" name="Default test" tests="6" failures="0" timestamp="16 Dec 2013 09:20:12 GMT" time="14.495" errors="0">
  <testcase name="testBMonthContactCreation" time="2.658" classname="com.example.tests.ContactCreationTests"/>
  <testcase name="testBdayContactCreation" time="1.568" classname="com.example.tests.ContactCreationTests"/>
  <testcase name="testDefoltContactCreation" time="0.463" classname="com.example.tests.ContactCreationTests"/>
  <testcase name="testEmptyContactCreation" time="1.436" classname="com.example.tests.ContactCreationTests"/>
  <testcase name="testNonEmptyContactCreation" time="1.7" classname="com.example.tests.ContactCreationTests"/>
  <testcase name="testNoneGroupContactCreation" time="1.649" classname="com.example.tests.ContactCreationTests"/>
</testsuite> <!-- Default test -->
